proguard/mapping.txt
com.haifwu.manualspeechtest.JsonParser -> com.haifwu.manualspeechtest.a:
    java.lang.String parseIatResult(java.lang.String) -> a
com.haifwu.manualspeechtest.LyricSearch -> com.haifwu.manualspeechtest.b:
    android.content.Context context -> a
    android.app.ProgressDialog pregDialog -> b
    void setContext(android.content.Context) -> a
    void onPreExecute() -> onPreExecute
    void onPostExecute(java.lang.Object) -> onPostExecute
    java.lang.Object doInBackground(java.lang.Object[]) -> doInBackground
com.haifwu.manualspeechtest.MainActivity -> com.haifwu.manualspeechtest.MainActivity:
    com.iflytek.speech.SpeechRecognizer mIat -> a
    android.widget.Toast mToast -> b
    java.lang.String recordText -> c
    android.widget.TextView editor -> d
    android.content.SharedPreferences mSharedPreferences -> e
    com.iflytek.speech.InitListener mInitListener -> f
    com.iflytek.speech.RecognizerListener mRecognizerListener -> g
    void onCreate(android.os.Bundle) -> onCreate
    void onDestroy() -> onDestroy
    void onClick(android.view.View) -> onClick
    void access$0(com.haifwu.manualspeechtest.MainActivity,java.lang.String) -> a
    java.lang.String access$1(com.haifwu.manualspeechtest.MainActivity) -> a
    void access$2(com.haifwu.manualspeechtest.MainActivity,java.lang.String) -> b
    com.iflytek.speech.SpeechRecognizer access$3(com.haifwu.manualspeechtest.MainActivity) -> b
    com.iflytek.speech.RecognizerListener access$4(com.haifwu.manualspeechtest.MainActivity) -> c
    android.widget.TextView access$5(com.haifwu.manualspeechtest.MainActivity) -> d
    android.widget.Toast access$6(com.haifwu.manualspeechtest.MainActivity) -> e
com.haifwu.manualspeechtest.MainActivity$1 -> com.haifwu.manualspeechtest.c:
    com.haifwu.manualspeechtest.MainActivity this$0 -> a
    void onInit$31a0f6aa(int) -> a
com.haifwu.manualspeechtest.MainActivity$2 -> com.haifwu.manualspeechtest.d:
    com.haifwu.manualspeechtest.MainActivity this$0 -> a
    void onVolumeChanged(int) -> a
    void onResult(com.iflytek.speech.RecognizerResult,boolean) -> a
    void onEndOfSpeech() -> a
    void onBeginOfSpeech() -> b
    com.haifwu.manualspeechtest.MainActivity access$0(com.haifwu.manualspeechtest.MainActivity$2) -> a
com.haifwu.manualspeechtest.MainActivity$2$1 -> com.haifwu.manualspeechtest.e:
    com.haifwu.manualspeechtest.MainActivity$2 this$1 -> a
    com.iflytek.speech.RecognizerResult val$result -> b
    boolean val$isLast -> c
    void run() -> run
com.haifwu.manualspeechtest.MainActivity$3 -> com.haifwu.manualspeechtest.f:
    com.haifwu.manualspeechtest.MainActivity this$0 -> a
    java.lang.String val$str -> b
    void run() -> run
com.haifwu.manualspeechtest.ZhiDaoParse -> com.haifwu.manualspeechtest.g:
    java.lang.String lyric -> a
    java.lang.String getDefaultUrl() -> b
    java.lang.String getFirstLink() -> c
    void writeObject(java.lang.String,java.lang.String) -> a
    java.lang.String getSongName() -> a
...
org.jsoup.parser.TokeniserState$14 -> a.a.c.ax:
    void read(org.jsoup.parser.Tokeniser,org.jsoup.parser.CharacterReader) -> a
org.jsoup.parser.TokeniserState$15 -> a.a.c.ay:
    void read(org.jsoup.parser.Tokeniser,org.jsoup.parser.CharacterReader) -> a
org.jsoup.parser.TokeniserState$16 -> a.a.c.az:
    void read(org.jsoup.parser.Tokeniser,org.jsoup.parser.CharacterReader) -> a
org.jsoup.parser.TokeniserState$17 -> a.a.c.ba:
    void read(org.jsoup.parser.Tokeniser,org.jsoup.parser.CharacterReader) -> a
org.jsoup.parser.TokeniserState$18 -> a.a.c.bb:
    void read(org.jsoup.parser.Tokeniser,org.jsoup.parser.CharacterReader) -> a
org.jsoup.parser.TokeniserState$19 -> a.a.c.bc:
    void read(org.jsoup.parser.Tokeniser,org.jsoup.parser.CharacterReader) -> a
org.jsoup.parser.TokeniserState$2 -> a.a.c.bd:
    void read(org.jsoup.parser.Tokeniser,org.jsoup.parser.CharacterReader) -> a
org.jsoup.parser.TokeniserState$20 -> a.a.c.be:
    void read(org.jsoup.parser.Tokeniser,org.jsoup.parser.CharacterReader) -> a
org.jsoup.parser.TokeniserState$21 -> a.a.c.bf:
    void read(org.jsoup.parser.Tokeniser,org.jsoup.parser.CharacterReader) -> a
org.jsoup.parser.TokeniserState$22 -> a.a.c.bg:
    void read(org.jsoup.parser.Tokeniser,org.jsoup.parser.CharacterReader) -> a
org.jsoup.parser.TokeniserState$23 -> a.a.c.bh:
    void read(org.jsoup.parser.Tokeniser,org.jsoup.parser.CharacterReader) -> a
org.jsoup.parser.TokeniserState$24 -> a.a.c.bi:
    void read(org.jsoup.parser.Tokeniser,org.jsoup.parser.CharacterReader) -> a
org.jsoup.parser.TokeniserState$25 -> a.a.c.bj:
    void read(org.jsoup.parser.Tokeniser,org.jsoup.parser.CharacterReader) -> a
org.jsoup.parser.TokeniserState$26 -> a.a.c.bk:
    void read(org.jsoup.parser.Tokeniser,org.jsoup.parser.CharacterReader) -> a
org.jsoup.parser.TokeniserState$27 -> a.a.c.bl:
    void read(org.jsoup.parser.Tokeniser,org.jsoup.parser.CharacterReader) -> a
org.jsoup.parser.TokeniserState$28 -> a.a.c.bm:
    void read(org.jsoup.parser.Tokeniser,org.jsoup.parser.CharacterReader) -> a
org.jsoup.parser.TokeniserState$29 -> a.a.c.bn:
    void read(org.jsoup.parser.Tokeniser,org.jsoup.parser.CharacterReader) -> a
org.jsoup.parser.TokeniserState$3 -> a.a.c.bo:
    void read(org.jsoup.parser.Tokeniser,org.jsoup.parser.CharacterReader) -> a
org.jsoup.parser.TokeniserState$30 -> a.a.c.bp:
    void read(org.jsoup.parser.Tokeniser,org.jsoup.parser.CharacterReader) -> a
org.jsoup.parser.TokeniserState$31 -> a.a.c.bq:
    void read(org.jsoup.parser.Tokeniser,org.jsoup.parser.CharacterReader) -> a
org.jsoup.parser.TokeniserState$32 -> a.a.c.br:
    void read(org.jsoup.parser.Tokeniser,org.jsoup.parser.CharacterReader) -> a
org.jsoup.parser.TokeniserState$33 -> a.a.c.bs:
    void read(org.jsoup.parser.Tokeniser,org.jsoup.parser.CharacterReader) -> a
org.jsoup.parser.TokeniserState$34 -> a.a.c.bt:
    void read(org.jsoup.parser.Tokeniser,org.jsoup.parser.CharacterReader) -> a
org.jsoup.parser.TokeniserState$35 -> a.a.c.bu:
    void read(org.jsoup.parser.Tokeniser,org.jsoup.parser.CharacterReader) -> a
org.jsoup.parser.TokeniserState$36 -> a.a.c.bv:
    void read(org.jsoup.parser.Tokeniser,org.jsoup.parser.CharacterReader) -> a
org.jsoup.parser.TokeniserState$37 -> a.a.c.bw:
    void read(org.jsoup.parser.Tokeniser,org.jsoup.parser.CharacterReader) -> a
org.jsoup.parser.TokeniserState$38 -> a.a.c.bx:
    void read(org.jsoup.parser.Tokeniser,org.jsoup.parser.CharacterReader) -> a
org.jsoup.parser.TokeniserState$39 -> a.a.c.by:
    void read(org.jsoup.parser.Tokeniser,org.jsoup.parser.CharacterReader) -> a
org.jsoup.parser.TokeniserState$4 -> a.a.c.bz:
    void read(org.jsoup.parser.Tokeniser,org.jsoup.parser.CharacterReader) -> a
org.jsoup.parser.TokeniserState$40 -> a.a.c.ca:
    void read(org.jsoup.parser.Tokeniser,org.jsoup.parser.CharacterReader) -> a
org.jsoup.parser.TokeniserState$41 -> a.a.c.cb:
    void read(org.jsoup.parser.Tokeniser,org.jsoup.parser.CharacterReader) -> a