proguard/usage.txt
com.haifwu.manualspeechtest.BuildConfig
com.haifwu.manualspeechtest.JsonParser:
    7:7:public JsonParser()
    29:54:public static java.lang.String parseGrammarResult(java.lang.String)
com.haifwu.manualspeechtest.MainActivity:
    protected static final java.lang.String TAG
com.haifwu.manualspeechtest.R
com.haifwu.manualspeechtest.R$attr
com.haifwu.manualspeechtest.R$dimen
com.haifwu.manualspeechtest.R$drawable
com.haifwu.manualspeechtest.R$id
com.haifwu.manualspeechtest.R$layout
com.haifwu.manualspeechtest.R$menu
com.haifwu.manualspeechtest.R$string
com.haifwu.manualspeechtest.R$style
...
android.support.v4.app.ActivityOptionsCompat$ActivityOptionsImplJB
android.support.v4.app.ActivityOptionsCompatJB
android.support.v4.app.BackStackRecord:
    static final java.lang.String TAG
    static final int OP_NULL
    static final int OP_ADD
    static final int OP_REPLACE
    static final int OP_REMOVE
    static final int OP_HIDE
    static final int OP_SHOW
    static final int OP_DETACH
    static final int OP_ATTACH
    338:338:public int getId()
    342:342:public int getBreadCrumbTitleRes()
    346:346:public int getBreadCrumbShortTitleRes()
    350:353:public java.lang.CharSequence getBreadCrumbTitle()
    357:360:public java.lang.CharSequence getBreadCrumbShortTitle()
    379:380:public android.support.v4.app.FragmentTransaction add(android.support.v4.app.Fragment,java.lang.String)
    384:385:public android.support.v4.app.FragmentTransaction add(int,android.support.v4.app.Fragment)
    421:421:public android.support.v4.app.FragmentTransaction replace(int,android.support.v4.app.Fragment)
    425:430:public android.support.v4.app.FragmentTransaction replace(int,android.support.v4.app.Fragment,java.lang.String)
    434:439:public android.support.v4.app.FragmentTransaction remove(android.support.v4.app.Fragment)
    443:448:public android.support.v4.app.FragmentTransaction hide(android.support.v4.app.Fragment)
    452:457:public android.support.v4.app.FragmentTransaction show(android.support.v4.app.Fragment)
    479:479:public android.support.v4.app.FragmentTransaction setCustomAnimations(int,int)
android.support.v4.app.DialogFragment
android.support.v4.app.Fragment:
    static final int INITIALIZING
    static final int CREATED
    static final int ACTIVITY_CREATED
    static final int STOPPED
    static final int STARTED
    static final int RESUMED
    511:511:public final int getId()
    518:518:public final java.lang.String getTag()
    529:533:public void setArguments(android.os.Bundle)
    540:540:public final android.os.Bundle getArguments()
    552:557:public void setInitialSavedState(android.support.v4.app.Fragment$SavedState)
    571:573:public void setTargetFragment(android.support.v4.app.Fragment,int)
    579:579:public final android.support.v4.app.Fragment getTargetFragment()
    586:586:public final int getTargetRequestCode()
    613:613:public final java.lang.CharSequence getText(int)
    623:623:public final java.lang.String getString(int)
    636:636:public final varargs java.lang.String getString(int,java.lang.Object[])
    650:650:public final android.support.v4.app.FragmentManager getFragmentManager()
    658:670:public final android.support.v4.app.FragmentManager getChildFragmentManager()
    678:678:public final android.support.v4.app.Fragment getParentFragment()
    685:685:public final boolean isAdded()
    703:703:public final boolean isRemoving()
    714:714:public final boolean isInLayout()
    722:722:public final boolean isResumed()
    731:731:public final boolean isVisible()
    743:743:public final boolean isHidden()
    748:748:public final boolean hasOptionsMenu()
android.support.v4.app.Fragment$SavedState:
    309:311:Fragment$SavedState(android.os.Bundle)
android.support.v4.app.FragmentActivity:
    private static final java.lang.String TAG
    static final java.lang.String FRAGMENTS_TAG
    private static final int HONEYCOMB
    static final int MSG_REALLY_STOPPED
    static final int MSG_RESUME_PENDING
    632:634:public java.lang.Object getLastCustomNonConfigurationInstance()
    827:827:public android.support.v4.app.FragmentManager getSupportFragmentManager()
    847:855:public void startActivityFromFragment(android.support.v4.app.Fragment,android.content.Intent,int)
    876:881:public android.support.v4.app.LoaderManager getSupportLoaderManager()
android.support.v4.app.FragmentActivity$FragmentTag:
    public static final int Fragment_id
    public static final int Fragment_name
    public static final int Fragment_tag
    134:134:FragmentActivity$FragmentTag()